<?xml version="1.0" ?>
<!DOCTYPE coverage SYSTEM "http://cobertura.sourceforge.net/xml/coverage-04.dtd">
<coverage lines-valid="46"  lines-covered="43"  line-rate="0.9348000000000001"  branches-valid="8"  branches-covered="4"  branch-rate="0.5"  timestamp="1435440702236" complexity="0" version="0.1">
<sources>
	<source>/Users/avacollins/roman-numerals-exercise</source>
</sources>
<packages>
	<package name="app"  line-rate="1"  branch-rate="1" >
	<classes>
		<class name="app.js"  filename="src/app/app.js"  line-rate="1"  branch-rate="1" >
		<methods>
			<method name="(anonymous_1)"  hits="1"  signature="()V" >
				<lines><line number="3"  hits="1" /></lines>
			</method>
			<method name="(anonymous_2)"  hits="7"  signature="()V" >
				<lines><line number="11"  hits="7" /></lines>
			</method>
		</methods>
		<lines>
			<line number="3"  hits="1"  branch="false" />
			<line number="5"  hits="1"  branch="false" />
			<line number="14"  hits="7"  branch="false" />
			<line number="16"  hits="7"  branch="false" />
		</lines>
		</class>
	</classes>
	</package>
	<package name="app.lib"  line-rate="1"  branch-rate="1" >
	<classes>
		<class name="ramda.js"  filename="src/app/lib/ramda.js"  line-rate="1"  branch-rate="1" >
		<methods>
			<method name="(anonymous_1)"  hits="1"  signature="()V" >
				<lines><line number="3"  hits="1" /></lines>
			</method>
			<method name="Ramda"  hits="7"  signature="()V" >
				<lines><line number="4"  hits="7" /></lines>
			</method>
		</methods>
		<lines>
			<line number="3"  hits="1"  branch="false" />
			<line number="4"  hits="1"  branch="false" />
			<line number="5"  hits="7"  branch="false" />
			<line number="8"  hits="1"  branch="false" />
		</lines>
		</class>
	</classes>
	</package>
	<package name="app.roman-numeral"  line-rate="0.9211"  branch-rate="0.5" >
	<classes>
		<class name="roman-numeral-controller.js"  filename="src/app/roman-numeral/roman-numeral-controller.js"  line-rate="0.5714"  branch-rate="1" >
		<methods>
			<method name="(anonymous_1)"  hits="1"  signature="()V" >
				<lines><line number="3"  hits="1" /></lines>
			</method>
			<method name="RomanNumeralController"  hits="0"  signature="()V" >
				<lines><line number="4"  hits="0" /></lines>
			</method>
			<method name="(anonymous_3)"  hits="0"  signature="()V" >
				<lines><line number="7"  hits="0" /></lines>
			</method>
		</methods>
		<lines>
			<line number="3"  hits="1"  branch="false" />
			<line number="4"  hits="1"  branch="false" />
			<line number="5"  hits="0"  branch="false" />
			<line number="7"  hits="0"  branch="false" />
			<line number="8"  hits="0"  branch="false" />
			<line number="12"  hits="1"  branch="false" />
			<line number="14"  hits="1"  branch="false" />
		</lines>
		</class>
		<class name="roman-numeral-service.js"  filename="src/app/roman-numeral/roman-numeral-service.js"  line-rate="1"  branch-rate="0.5" >
		<methods>
			<method name="(anonymous_1)"  hits="1"  signature="()V" >
				<lines><line number="3"  hits="1" /></lines>
			</method>
			<method name="RomanNumeralService"  hits="7"  signature="()V" >
				<lines><line number="4"  hits="7" /></lines>
			</method>
			<method name="(anonymous_3)"  hits="3"  signature="()V" >
				<lines><line number="7"  hits="3" /></lines>
			</method>
			<method name="(anonymous_4)"  hits="10"  signature="()V" >
				<lines><line number="11"  hits="10" /></lines>
			</method>
			<method name="(anonymous_5)"  hits="10"  signature="()V" >
				<lines><line number="29"  hits="10" /></lines>
			</method>
			<method name="(anonymous_6)"  hits="10"  signature="()V" >
				<lines><line number="47"  hits="10" /></lines>
			</method>
			<method name="(anonymous_7)"  hits="10"  signature="()V" >
				<lines><line number="65"  hits="10" /></lines>
			</method>
			<method name="(anonymous_8)"  hits="1"  signature="()V" >
				<lines><line number="90"  hits="1" /></lines>
			</method>
		</methods>
		<lines>
			<line number="3"  hits="1"  branch="false" />
			<line number="4"  hits="1"  branch="false" />
			<line number="5"  hits="7"  branch="false" />
			<line number="7"  hits="7"  branch="false" />
			<line number="8"  hits="3"  branch="false" />
			<line number="11"  hits="7"  branch="false" />
			<line number="12"  hits="10"  branch="true"  condition-coverage="50% (1/2)" />
			<line number="13"  hits="10"  branch="false" />
			<line number="25"  hits="10"  branch="false" />
			<line number="27"  hits="10"  branch="false" />
			<line number="29"  hits="7"  branch="false" />
			<line number="30"  hits="10"  branch="true"  condition-coverage="50% (1/2)" />
			<line number="31"  hits="10"  branch="false" />
			<line number="42"  hits="10"  branch="false" />
			<line number="44"  hits="10"  branch="false" />
			<line number="47"  hits="7"  branch="false" />
			<line number="48"  hits="10"  branch="true"  condition-coverage="50% (1/2)" />
			<line number="49"  hits="10"  branch="false" />
			<line number="60"  hits="10"  branch="false" />
			<line number="62"  hits="10"  branch="false" />
			<line number="65"  hits="7"  branch="false" />
			<line number="66"  hits="10"  branch="true"  condition-coverage="50% (1/2)" />
			<line number="67"  hits="10"  branch="false" />
			<line number="78"  hits="10"  branch="false" />
			<line number="80"  hits="10"  branch="false" />
			<line number="83"  hits="7"  branch="false" />
			<line number="90"  hits="7"  branch="false" />
			<line number="91"  hits="1"  branch="false" />
			<line number="94"  hits="7"  branch="false" />
			<line number="99"  hits="1"  branch="false" />
			<line number="101"  hits="1"  branch="false" />
		</lines>
		</class>
	</classes>
	</package>
</packages>
</coverage>
